[2025-12-26T05:05:02.603Z]
Task: Translation (Batch 1)
Duration: 2488ms
Prompt: 给你一系列推文，你来将各种不是中文的语言内容翻译为中文，输出以下指定格式，不要输出任何其他内容！并且只翻译需要翻译的推文item即可，如果本身是中文不需要翻译，就不需要返还给我。只返回需要翻译的item翻译后的特定结构数组就好。针对技术类，保留英文的关键词。格式：<Tranalate>{"data":[{
    "tw_id":"原先对应的推文id",
    "translated_content":"翻译后的内容"
},{
    "tw_id":"原先对应的推文id",
    "translated_content":"翻译后的内容"
}]}</Tranalate>。帖子内容：[{"tw_id":"421a57cdf7915317240dfcac06950370","content":"#新头像"},{"tw_id":"0859c6bb0caed2ea235d6c9b7a0555ca","content":""},{"tw_id":"50104e8f3b6ecdba2f12c68ea7ac1114","content":"发疯时刻！啊啊啊啊啊我真的想被这样对待！"}]...
Result: <Tranalate>{"data":[]}</Tranalate>...
--------------------------------------------------
[2025-12-26T05:05:03.501Z]
Task: Bot diverge (Item 0859c6bb0caed2ea235d6c9b7a0555ca)
Duration: 3385ms
Prompt: 你是一个资历丰富的程序员，有着资深的知识底蕴，很多新技术对你来说并不陌生，可以给你一个推文后，提出相关的关键词，发散相关问题，引导用户思考，做出一些点评等等。注意你的目标不是解析推文，而是发散思考。一定要直接输出内容，不要废话，字数在100-200字左右。

,以上prompt是一个叫做推文解析的aibot的功能，你要把这个功能应用于以下所有贴文，并且其中的description会写匹配哪种贴文，有些贴文不匹配就不需要生成，也不用加入返回的数组内。返回给我这个格式的数据（不匹配的话那个item就不用添加到数组内）：<AIBOT>{"data":[{
                    "tw_id":"原先对应的推文id",
                    "md":"aibot生成的内容，使用markdown格式"
                },{
                    "tw_id":"原先对应的推文id",
                    "md":"aibot生成的内容，使用markdown格式"
}]}</AIBOT>推文内容：...
Result: <AIBOT>{"data":[]}</AIBOT>...
--------------------------------------------------
[2025-12-26T05:05:04.250Z]
Task: Bot diverge (Item 421a57cdf7915317240dfcac06950370)
Duration: 4134ms
Prompt: 你是一个资历丰富的程序员，有着资深的知识底蕴，很多新技术对你来说并不陌生，可以给你一个推文后，提出相关的关键词，发散相关问题，引导用户思考，做出一些点评等等。注意你的目标不是解析推文，而是发散思考。一定要直接输出内容，不要废话，字数在100-200字左右。

,以上prompt是一个叫做推文解析的aibot的功能，你要把这个功能应用于以下所有贴文，并且其中的description会写匹配哪种贴文，有些贴文不匹配就不需要生成，也不用加入返回的数组内。返回给我这个格式的数据（不匹配的话那个item就不用添加到数组内）：<AIBOT>{"data":[{
                    "tw_id":"原先对应的推文id",
                    "md":"aibot生成的内容，使用markdown格式"
                },{
                    "tw_id":"原先对应的推文id",
                    "md":"aibot生成的内容，使用markdown格式"
}]}</AIBOT>推文内容：#新头像...
Result: <AIBOT>{"data":[{"tw_id":"无","md":"#新头像 → 元形象即API：像素级身份可编程，哈希即通行证。思考：链上头像能否成为可组合的信誉层？动态NFT随链下行为进化，可逆匿名与声誉抵押如何博弈？换图一刻，你销毁了哪些旧社会指纹？"}]}</AIBOT>...
--------------------------------------------------
[2025-12-26T05:05:04.380Z]
Task: Bot diverge (Item 50104e8f3b6ecdba2f12c68ea7ac1114)
Duration: 4264ms
Prompt: 你是一个资历丰富的程序员，有着资深的知识底蕴，很多新技术对你来说并不陌生，可以给你一个推文后，提出相关的关键词，发散相关问题，引导用户思考，做出一些点评等等。注意你的目标不是解析推文，而是发散思考。一定要直接输出内容，不要废话，字数在100-200字左右。

,以上prompt是一个叫做推文解析的aibot的功能，你要把这个功能应用于以下所有贴文，并且其中的description会写匹配哪种贴文，有些贴文不匹配就不需要生成，也不用加入返回的数组内。返回给我这个格式的数据（不匹配的话那个item就不用添加到数组内）：<AIBOT>{"data":[{
                    "tw_id":"原先对应的推文id",
                    "md":"aibot生成的内容，使用markdown格式"
                },{
                    "tw_id":"原先对应的推文id",
                    "md":"aibot生成的内容，使用markdown格式"
}]}</AIBOT>推文内容：发疯时刻！啊啊啊啊啊我真的想被这样对待！...
Result: <AIBOT>{"data":[]}</AIBOT>...
--------------------------------------------------
[2025-12-26T05:05:05.405Z]
Task: Bot parser (Item 421a57cdf7915317240dfcac06950370)
Duration: 1024ms
Prompt: 看不懂贴文，解释一下，要通俗易懂一些，可以灵活使用对应超链接以及输出代码给我。一定要直接输出内容，不要废话。

,以上prompt是一个叫做推文解析的aibot的功能，你要把这个功能应用于以下所有贴文，并且其中的description会写匹配哪种贴文，有些贴文不匹配就不需要生成，也不用加入返回的数组内。返回给我这个格式的数据（不匹配的话那个item就不用添加到数组内）：<AIBOT>{"data":[{
                    "tw_id":"原先对应的推文id",
                    "md":"aibot生成的内容，使用markdown格式"
                },{
                    "tw_id":"原先对应的推文id",
                    "md":"aibot生成的内容，使用markdown格式"
}]}</AIBOT>推文内容：#新头像...
Result: <AIBOT>{"data":[]}</AIBOT>...
--------------------------------------------------
[2025-12-26T05:05:05.576Z]
Task: Bot parser (Item 0859c6bb0caed2ea235d6c9b7a0555ca)
Duration: 1195ms
Prompt: 看不懂贴文，解释一下，要通俗易懂一些，可以灵活使用对应超链接以及输出代码给我。一定要直接输出内容，不要废话。

,以上prompt是一个叫做推文解析的aibot的功能，你要把这个功能应用于以下所有贴文，并且其中的description会写匹配哪种贴文，有些贴文不匹配就不需要生成，也不用加入返回的数组内。返回给我这个格式的数据（不匹配的话那个item就不用添加到数组内）：<AIBOT>{"data":[{
                    "tw_id":"原先对应的推文id",
                    "md":"aibot生成的内容，使用markdown格式"
                },{
                    "tw_id":"原先对应的推文id",
                    "md":"aibot生成的内容，使用markdown格式"
}]}</AIBOT>推文内容：...
Result: <AIBOT>{"data":[]}</AIBOT>...
--------------------------------------------------
[2025-12-26T05:05:07.148Z]
Task: Bot parser (Item 50104e8f3b6ecdba2f12c68ea7ac1114)
Duration: 2767ms
Prompt: 看不懂贴文，解释一下，要通俗易懂一些，可以灵活使用对应超链接以及输出代码给我。一定要直接输出内容，不要废话。

,以上prompt是一个叫做推文解析的aibot的功能，你要把这个功能应用于以下所有贴文，并且其中的description会写匹配哪种贴文，有些贴文不匹配就不需要生成，也不用加入返回的数组内。返回给我这个格式的数据（不匹配的话那个item就不用添加到数组内）：<AIBOT>{"data":[{
                    "tw_id":"原先对应的推文id",
                    "md":"aibot生成的内容，使用markdown格式"
                },{
                    "tw_id":"原先对应的推文id",
                    "md":"aibot生成的内容，使用markdown格式"
}]}</AIBOT>推文内容：发疯时刻！啊啊啊啊啊我真的想被这样对待！...
Result: <AIBOT>{"data":[{"tw_id":"原推ID缺失","md":"**通俗翻译**<br>“我崩溃了！我就是想被人这么狠狠地宠/虐！”<br>👉 帖主在发泄情绪，表达一种渴望被特定方式对待的冲动，类似“我疯了，快来这样对我！”的超激动状态。"}]}</AIBOT>...
--------------------------------------------------
